<?xml version="1.0" encoding="UTF-8"?>
<!-- Generated by org.testng.reporters.JUnitReportReporter -->
<testsuite name="com.org.CIBC.TableChrome" tests="2" time="1.698" ignored="0" failures="0" timestamp="05 Nov 2017 07:58:45 GMT" skipped="0" hostname="DESKTOP-F48H72M" errors="0">
  <testcase name="Handle_Dynamic_Webtable" time="1.698" classname="com.org.CIBC.TableChrome"/>
  <testcase name="printSomething" time="0.000" classname="com.org.CIBC.TableChrome"/>
</testsuite> <!-- com.org.CIBC.TableChrome -->
