<?xml version="1.0" encoding="UTF-8"?>
<!-- Generated by org.testng.reporters.JUnitReportReporter -->
<testsuite name="com.org.CIBC.ParameterTest" tests="12" time="0.242" ignored="0" failures="0" timestamp="05 Nov 2017 05:11:30 GMT" skipped="0" hostname="DESKTOP-F48H72M" errors="0">
  <testcase name="writeXML" time="0.072" classname="com.org.CIBC.ParameterTest"/>
  <testcase name="processSheet" time="0.000" classname="com.org.CIBC.ParameterTest"/>
  <testcase name="dpDataProcess" time="0.001" classname="com.org.CIBC.ParameterTest"/>
  <testcase name="dpDataProcess" time="0.000" classname="com.org.CIBC.ParameterTest"/>
  <testcase name="dpDataProcess" time="0.000" classname="com.org.CIBC.ParameterTest"/>
  <testcase name="readXML" time="0.042" classname="com.org.CIBC.ParameterTest"/>
  <testcase name="processSheet" time="0.000" classname="com.org.CIBC.ParameterTest"/>
  <testcase name="processSheet" time="0.001" classname="com.org.CIBC.ParameterTest"/>
  <testcase name="writeSheet" time="0.121" classname="com.org.CIBC.ParameterTest"/>
  <testcase name="dpDataProcess" time="0.000" classname="com.org.CIBC.ParameterTest"/>
  <testcase name="getPropertyFileData" time="0.001" classname="com.org.CIBC.ParameterTest"/>
  <testcase name="setPropertyFileData" time="0.004" classname="com.org.CIBC.ParameterTest"/>
</testsuite> <!-- com.org.CIBC.ParameterTest -->
